c:\users\flole\desktop\p1rv_cuda\build\p1rv_cuda.dir\release\p1rv_cuda\lsmc.cpp.obj
c:\users\flole\desktop\p1rv_cuda\build\p1rv_cuda.dir\release\p1rv_cuda\gbm.cpp.obj
c:\users\flole\desktop\p1rv_cuda\build\p1rv_cuda.dir\release\fdm.obj
p1rv_cuda.dir\release\main.obj
p1rv_cuda.dir\release\/p1rv_cuda/gbm.cu.obj
p1rv_cuda.dir\release\/p1rv_cuda/lsmc.cu.obj
c:\users\flole\desktop\p1rv_cuda\build\cmakefiles\generate.stamp
c:\users\flole\desktop\p1rv_cuda\build\release\p1rv_cuda.exe
c:\users\flole\desktop\p1rv_cuda\build\p1rv_cuda.dir\release\gbm.cu.cache
c:\users\flole\desktop\p1rv_cuda\build\p1rv_cuda.dir\release\lsmc.cu.cache
c:\users\flole\desktop\p1rv_cuda\build\p1rv_cuda.dir\release\main.cu.cache
c:\users\flole\desktop\p1rv_cuda\build\p1rv_cuda.dir\release\main.obj
c:\users\flole\desktop\p1rv_cuda\build\p1rv_cuda.dir\release\p1rv_cuda.device-link.obj
c:\users\flole\desktop\p1rv_cuda\build\p1rv_cuda.dir\release\p1rv_cuda.tlog\cl.command.1.tlog
c:\users\flole\desktop\p1rv_cuda\build\p1rv_cuda.dir\release\p1rv_cuda.tlog\cl.items.tlog
c:\users\flole\desktop\p1rv_cuda\build\p1rv_cuda.dir\release\p1rv_cuda.tlog\cl.read.1.tlog
c:\users\flole\desktop\p1rv_cuda\build\p1rv_cuda.dir\release\p1rv_cuda.tlog\cl.write.1.tlog
c:\users\flole\desktop\p1rv_cuda\build\p1rv_cuda.dir\release\p1rv_cuda.tlog\cudacompile.read.1u.tlog
c:\users\flole\desktop\p1rv_cuda\build\p1rv_cuda.dir\release\p1rv_cuda.tlog\cudacompile.write.1u.tlog
c:\users\flole\desktop\p1rv_cuda\build\p1rv_cuda.dir\release\p1rv_cuda.tlog\custombuild.command.1.tlog
c:\users\flole\desktop\p1rv_cuda\build\p1rv_cuda.dir\release\p1rv_cuda.tlog\custombuild.read.1.tlog
c:\users\flole\desktop\p1rv_cuda\build\p1rv_cuda.dir\release\p1rv_cuda.tlog\custombuild.write.1.tlog
c:\users\flole\desktop\p1rv_cuda\build\p1rv_cuda.dir\release\p1rv_cuda.tlog\link.command.1.tlog
c:\users\flole\desktop\p1rv_cuda\build\p1rv_cuda.dir\release\p1rv_cuda.tlog\link.read.1.tlog
c:\users\flole\desktop\p1rv_cuda\build\p1rv_cuda.dir\release\p1rv_cuda.tlog\link.secondary.1.tlog
c:\users\flole\desktop\p1rv_cuda\build\p1rv_cuda.dir\release\p1rv_cuda.tlog\link.write.1.tlog
